/usr/local/lib/python3.12/dist-packages/jaxtyping/__init__.py:231: UserWarning: jaxtyping version >=0.2.23 should be used with Equinox version >=0.11.1
  warnings.warn(
** Ready! **
Traceback (most recent call last):
  File "/usr/local/lib/python3.12/dist-packages/jax/_src/xla_bridge.py", line 879, in backends
    backend = _init_backend(platform)
              ^^^^^^^^^^^^^^^^^^^^^^^
  File "/usr/local/lib/python3.12/dist-packages/jax/_src/xla_bridge.py", line 970, in _init_backend
    backend = registration.factory()
              ^^^^^^^^^^^^^^^^^^^^^^
  File "/usr/local/lib/python3.12/dist-packages/jax/_src/xla_bridge.py", line 435, in make_gpu_client
    _check_cuda_versions()
  File "/usr/local/lib/python3.12/dist-packages/jax/_src/xla_bridge.py", line 284, in _check_cuda_versions
    assert cuda_versions is not None
           ^^^^^^^^^^^^^^^^^^^^^^^^^
AssertionError

During handling of the above exception, another exception occurred:

Traceback (most recent call last):
  File "/root/mess3_saes/train_simplexity_3xmess3_2xtquant.py", line 118, in <module>
    mess3_processes = [build_hidden_markov_model(f"mess3", x=0.12, a=0.55),
                       ^^^^^^^^^^^^^^^^^^^^^^^^^^^^^^^^^^^^^^^^^^^^^^^^^^^
  File "/usr/local/lib/python3.12/dist-packages/simplexity/generative_processes/builder.py", line 50, in build_hidden_markov_model
    transition_matrices = build_transition_matrices(HMM_MATRIX_FUNCTIONS, process_name, **kwargs)
                          ^^^^^^^^^^^^^^^^^^^^^^^^^^^^^^^^^^^^^^^^^^^^^^^^^^^^^^^^^^^^^^^^^^^^^^^
  File "/usr/local/lib/python3.12/dist-packages/simplexity/generative_processes/builder.py", line 28, in build_transition_matrices
    transition_matrices = matrix_function(**kwargs)
                          ^^^^^^^^^^^^^^^^^^^^^^^^^
  File "/usr/local/lib/python3.12/dist-packages/simplexity/generative_processes/transition_matrices.py", line 125, in mess3
    return jnp.array(
           ^^^^^^^^^^
  File "/usr/local/lib/python3.12/dist-packages/jax/_src/numpy/lax_numpy.py", line 3214, in array
    out_array: Array = lax_internal._convert_element_type(
                       ^^^^^^^^^^^^^^^^^^^^^^^^^^^^^^^^^^^
  File "/usr/local/lib/python3.12/dist-packages/jax/_src/lax/lax.py", line 559, in _convert_element_type
    return convert_element_type_p.bind(operand, new_dtype=new_dtype,
           ^^^^^^^^^^^^^^^^^^^^^^^^^^^^^^^^^^^^^^^^^^^^^^^^^^^^^^^^^
  File "/usr/local/lib/python3.12/dist-packages/jax/_src/core.py", line 416, in bind
    return self.bind_with_trace(find_top_trace(args), args, params)
           ^^^^^^^^^^^^^^^^^^^^^^^^^^^^^^^^^^^^^^^^^^^^^^^^^^^^^^^^
  File "/usr/local/lib/python3.12/dist-packages/jax/_src/core.py", line 420, in bind_with_trace
    out = trace.process_primitive(self, map(trace.full_raise, args), params)
          ^^^^^^^^^^^^^^^^^^^^^^^^^^^^^^^^^^^^^^^^^^^^^^^^^^^^^^^^^^^^^^^^^^
  File "/usr/local/lib/python3.12/dist-packages/jax/_src/core.py", line 921, in process_primitive
    return primitive.impl(*tracers, **params)
           ^^^^^^^^^^^^^^^^^^^^^^^^^^^^^^^^^^
  File "/usr/local/lib/python3.12/dist-packages/jax/_src/dispatch.py", line 87, in apply_primitive
    outs = fun(*args)
           ^^^^^^^^^^
RuntimeError: Unable to initialize backend 'cuda':  (set JAX_PLATFORMS='' to automatically choose an available backend)
--------------------
For simplicity, JAX has removed its internal frames from the traceback of the following exception. Set JAX_TRACEBACK_FILTERING=off to include these.
/usr/local/lib/python3.12/dist-packages/jaxtyping/__init__.py:231: UserWarning: jaxtyping version >=0.2.23 should be used with Equinox version >=0.11.1
  warnings.warn(
Multipartite process with components ['tom_quantum', 'tom_quantum_1', 'mess3', 'mess3_1', 'mess3_2'] â†’ vocab_size=432, belief_dim=15
Model: 708,144 params on cuda
Traceback (most recent call last):
  File "/root/mess3_saes/train_mess3_and_saes.py", line 220, in <module>
    ckpt = torch.load(args.load_model, map_location=device, weights_only=False)
           ^^^^^^^^^^^^^^^^^^^^^^^^^^^^^^^^^^^^^^^^^^^^^^^^^^^^^^^^^^^^^^^^^^^^
  File "/usr/local/lib/python3.12/dist-packages/torch/serialization.py", line 1479, in load
    with _open_file_like(f, "rb") as opened_file:
         ^^^^^^^^^^^^^^^^^^^^^^^^
  File "/usr/local/lib/python3.12/dist-packages/torch/serialization.py", line 759, in _open_file_like
    return _open_file(name_or_buffer, mode)
           ^^^^^^^^^^^^^^^^^^^^^^^^^^^^^^^^
  File "/usr/local/lib/python3.12/dist-packages/torch/serialization.py", line 740, in __init__
    super().__init__(open(name, mode))
                     ^^^^^^^^^^^^^^^^
FileNotFoundError: [Errno 2] No such file or directory: '/workspace/outputs/checkpoints/multipartite_001/checkpoint_step_600000_final.pt'
